Determining if the pthread_create exist failed with the following output:
Change Dir: /home/nvidia/Downloads/RoboND-DeepRL-Project/build/CMakeFiles/CMakeTmp

Run Build Command:"/usr/bin/make" "cmTC_eb555/fast"
/usr/bin/make -f CMakeFiles/cmTC_eb555.dir/build.make CMakeFiles/cmTC_eb555.dir/build
make[1]: Entering directory '/home/nvidia/Downloads/RoboND-DeepRL-Project/build/CMakeFiles/CMakeTmp'
Building C object CMakeFiles/cmTC_eb555.dir/CheckSymbolExists.c.o
/usr/bin/cc    -fPIC    -o CMakeFiles/cmTC_eb555.dir/CheckSymbolExists.c.o   -c /home/nvidia/Downloads/RoboND-DeepRL-Project/build/CMakeFiles/CMakeTmp/CheckSymbolExists.c
Linking C executable cmTC_eb555
/usr/bin/cmake -E cmake_link_script CMakeFiles/cmTC_eb555.dir/link.txt --verbose=1
/usr/bin/cc  -fPIC     CMakeFiles/cmTC_eb555.dir/CheckSymbolExists.c.o  -o cmTC_eb555 -rdynamic 
CMakeFiles/cmTC_eb555.dir/CheckSymbolExists.c.o: In function `main':
CheckSymbolExists.c:(.text+0x14): undefined reference to `pthread_create'
CheckSymbolExists.c:(.text+0x18): undefined reference to `pthread_create'
collect2: error: ld returned 1 exit status
CMakeFiles/cmTC_eb555.dir/build.make:97: recipe for target 'cmTC_eb555' failed
make[1]: *** [cmTC_eb555] Error 1
make[1]: Leaving directory '/home/nvidia/Downloads/RoboND-DeepRL-Project/build/CMakeFiles/CMakeTmp'
Makefile:126: recipe for target 'cmTC_eb555/fast' failed
make: *** [cmTC_eb555/fast] Error 2

File /home/nvidia/Downloads/RoboND-DeepRL-Project/build/CMakeFiles/CMakeTmp/CheckSymbolExists.c:
/* */
#include <pthread.h>

int main(int argc, char** argv)
{
  (void)argv;
#ifndef pthread_create
  return ((int*)(&pthread_create))[argc];
#else
  (void)argc;
  return 0;
#endif
}

Determining if the function pthread_create exists in the pthreads failed with the following output:
Change Dir: /home/nvidia/Downloads/RoboND-DeepRL-Project/build/CMakeFiles/CMakeTmp

Run Build Command:"/usr/bin/make" "cmTC_ed9ab/fast"
/usr/bin/make -f CMakeFiles/cmTC_ed9ab.dir/build.make CMakeFiles/cmTC_ed9ab.dir/build
make[1]: Entering directory '/home/nvidia/Downloads/RoboND-DeepRL-Project/build/CMakeFiles/CMakeTmp'
Building C object CMakeFiles/cmTC_ed9ab.dir/CheckFunctionExists.c.o
/usr/bin/cc    -fPIC -DCHECK_FUNCTION_EXISTS=pthread_create   -o CMakeFiles/cmTC_ed9ab.dir/CheckFunctionExists.c.o   -c /usr/share/cmake-3.5/Modules/CheckFunctionExists.c
Linking C executable cmTC_ed9ab
/usr/bin/cmake -E cmake_link_script CMakeFiles/cmTC_ed9ab.dir/link.txt --verbose=1
/usr/bin/cc  -fPIC -DCHECK_FUNCTION_EXISTS=pthread_create    CMakeFiles/cmTC_ed9ab.dir/CheckFunctionExists.c.o  -o cmTC_ed9ab -rdynamic -lpthreads 
/usr/bin/ld: cannot find -lpthreads
collect2: error: ld returned 1 exit status
CMakeFiles/cmTC_ed9ab.dir/build.make:97: recipe for target 'cmTC_ed9ab' failed
make[1]: *** [cmTC_ed9ab] Error 1
make[1]: Leaving directory '/home/nvidia/Downloads/RoboND-DeepRL-Project/build/CMakeFiles/CMakeTmp'
Makefile:126: recipe for target 'cmTC_ed9ab/fast' failed
make: *** [cmTC_ed9ab/fast] Error 2


Determining if the Q_WS_WIN exist failed with the following output:
Change Dir: /home/nvidia/Downloads/RoboND-DeepRL-Project/build/CMakeFiles/CMakeTmp

Run Build Command:"/usr/bin/make" "cmTC_e3225/fast"
/usr/bin/make -f CMakeFiles/cmTC_e3225.dir/build.make CMakeFiles/cmTC_e3225.dir/build
make[1]: Entering directory '/home/nvidia/Downloads/RoboND-DeepRL-Project/build/CMakeFiles/CMakeTmp'
Building CXX object CMakeFiles/cmTC_e3225.dir/CheckSymbolExists.cxx.o
/usr/bin/c++    -I/usr/include/qt4  -std=c++11    -o CMakeFiles/cmTC_e3225.dir/CheckSymbolExists.cxx.o -c /home/nvidia/Downloads/RoboND-DeepRL-Project/build/CMakeFiles/CMakeTmp/CheckSymbolExists.cxx
/home/nvidia/Downloads/RoboND-DeepRL-Project/build/CMakeFiles/CMakeTmp/CheckSymbolExists.cxx: In function ‘int main(int, char**)’:
/home/nvidia/Downloads/RoboND-DeepRL-Project/build/CMakeFiles/CMakeTmp/CheckSymbolExists.cxx:8:19: error: ‘Q_WS_WIN’ was not declared in this scope
   return ((int*)(&Q_WS_WIN))[argc];
                   ^
CMakeFiles/cmTC_e3225.dir/build.make:65: recipe for target 'CMakeFiles/cmTC_e3225.dir/CheckSymbolExists.cxx.o' failed
make[1]: *** [CMakeFiles/cmTC_e3225.dir/CheckSymbolExists.cxx.o] Error 1
make[1]: Leaving directory '/home/nvidia/Downloads/RoboND-DeepRL-Project/build/CMakeFiles/CMakeTmp'
Makefile:126: recipe for target 'cmTC_e3225/fast' failed
make: *** [cmTC_e3225/fast] Error 2

File /home/nvidia/Downloads/RoboND-DeepRL-Project/build/CMakeFiles/CMakeTmp/CheckSymbolExists.cxx:
/* */
#include <QtCore/qglobal.h>

int main(int argc, char** argv)
{
  (void)argv;
#ifndef Q_WS_WIN
  return ((int*)(&Q_WS_WIN))[argc];
#else
  (void)argc;
  return 0;
#endif
}

Determining if the Q_WS_QWS exist failed with the following output:
Change Dir: /home/nvidia/Downloads/RoboND-DeepRL-Project/build/CMakeFiles/CMakeTmp

Run Build Command:"/usr/bin/make" "cmTC_2b1c3/fast"
/usr/bin/make -f CMakeFiles/cmTC_2b1c3.dir/build.make CMakeFiles/cmTC_2b1c3.dir/build
make[1]: Entering directory '/home/nvidia/Downloads/RoboND-DeepRL-Project/build/CMakeFiles/CMakeTmp'
Building CXX object CMakeFiles/cmTC_2b1c3.dir/CheckSymbolExists.cxx.o
/usr/bin/c++    -I/usr/include/qt4  -std=c++11    -o CMakeFiles/cmTC_2b1c3.dir/CheckSymbolExists.cxx.o -c /home/nvidia/Downloads/RoboND-DeepRL-Project/build/CMakeFiles/CMakeTmp/CheckSymbolExists.cxx
/home/nvidia/Downloads/RoboND-DeepRL-Project/build/CMakeFiles/CMakeTmp/CheckSymbolExists.cxx: In function ‘int main(int, char**)’:
/home/nvidia/Downloads/RoboND-DeepRL-Project/build/CMakeFiles/CMakeTmp/CheckSymbolExists.cxx:8:19: error: ‘Q_WS_QWS’ was not declared in this scope
   return ((int*)(&Q_WS_QWS))[argc];
                   ^
CMakeFiles/cmTC_2b1c3.dir/build.make:65: recipe for target 'CMakeFiles/cmTC_2b1c3.dir/CheckSymbolExists.cxx.o' failed
make[1]: *** [CMakeFiles/cmTC_2b1c3.dir/CheckSymbolExists.cxx.o] Error 1
make[1]: Leaving directory '/home/nvidia/Downloads/RoboND-DeepRL-Project/build/CMakeFiles/CMakeTmp'
Makefile:126: recipe for target 'cmTC_2b1c3/fast' failed
make: *** [cmTC_2b1c3/fast] Error 2

File /home/nvidia/Downloads/RoboND-DeepRL-Project/build/CMakeFiles/CMakeTmp/CheckSymbolExists.cxx:
/* */
#include <QtCore/qglobal.h>

int main(int argc, char** argv)
{
  (void)argv;
#ifndef Q_WS_QWS
  return ((int*)(&Q_WS_QWS))[argc];
#else
  (void)argc;
  return 0;
#endif
}

Determining if the Q_WS_MAC exist failed with the following output:
Change Dir: /home/nvidia/Downloads/RoboND-DeepRL-Project/build/CMakeFiles/CMakeTmp

Run Build Command:"/usr/bin/make" "cmTC_ec1c1/fast"
/usr/bin/make -f CMakeFiles/cmTC_ec1c1.dir/build.make CMakeFiles/cmTC_ec1c1.dir/build
make[1]: Entering directory '/home/nvidia/Downloads/RoboND-DeepRL-Project/build/CMakeFiles/CMakeTmp'
Building CXX object CMakeFiles/cmTC_ec1c1.dir/CheckSymbolExists.cxx.o
/usr/bin/c++    -I/usr/include/qt4  -std=c++11    -o CMakeFiles/cmTC_ec1c1.dir/CheckSymbolExists.cxx.o -c /home/nvidia/Downloads/RoboND-DeepRL-Project/build/CMakeFiles/CMakeTmp/CheckSymbolExists.cxx
/home/nvidia/Downloads/RoboND-DeepRL-Project/build/CMakeFiles/CMakeTmp/CheckSymbolExists.cxx: In function ‘int main(int, char**)’:
/home/nvidia/Downloads/RoboND-DeepRL-Project/build/CMakeFiles/CMakeTmp/CheckSymbolExists.cxx:8:19: error: ‘Q_WS_MAC’ was not declared in this scope
   return ((int*)(&Q_WS_MAC))[argc];
                   ^
CMakeFiles/cmTC_ec1c1.dir/build.make:65: recipe for target 'CMakeFiles/cmTC_ec1c1.dir/CheckSymbolExists.cxx.o' failed
make[1]: *** [CMakeFiles/cmTC_ec1c1.dir/CheckSymbolExists.cxx.o] Error 1
make[1]: Leaving directory '/home/nvidia/Downloads/RoboND-DeepRL-Project/build/CMakeFiles/CMakeTmp'
Makefile:126: recipe for target 'cmTC_ec1c1/fast' failed
make: *** [cmTC_ec1c1/fast] Error 2

File /home/nvidia/Downloads/RoboND-DeepRL-Project/build/CMakeFiles/CMakeTmp/CheckSymbolExists.cxx:
/* */
#include <QtCore/qglobal.h>

int main(int argc, char** argv)
{
  (void)argv;
#ifndef Q_WS_MAC
  return ((int*)(&Q_WS_MAC))[argc];
#else
  (void)argc;
  return 0;
#endif
}

